<?xml version="1.0" encoding="utf-8"?><testsuites name="pytest tests"><testsuite name="pytest" errors="0" failures="1" skipped="0" tests="13" time="3.041" timestamp="2026-05-03T10:34:28.197066+00:00" hostname="agent-env-c4319967-e442-433c-bd10-f060163e5b7e"><testcase classname="backend.tests.backend_test.TestAuth" name="test_login_seeded_user" time="0.629" /><testcase classname="backend.tests.backend_test.TestAuth" name="test_login_wrong_password" time="0.335" /><testcase classname="backend.tests.backend_test.TestAuth" name="test_register_and_me" time="0.339"><failure message="AssertionError: assert 'test_afbb2ced@example.com' == 'TEST_afbb2ced@example.com'&#10;  &#10;  - TEST_afbb2ced@example.com&#10;  ? ^^^^&#10;  + test_afbb2ced@example.com&#10;  ? ^^^^">backend/tests/backend_test.py:51: in test_register_and_me
    assert d["user"]["email"] == email
E   AssertionError: assert 'test_afbb2ced@example.com' == 'TEST_afbb2ced@example.com'
E     
E     - TEST_afbb2ced@example.com
E     ? ^^^^
E     + test_afbb2ced@example.com
E     ? ^^^^</failure></testcase><testcase classname="backend.tests.backend_test.TestAuth" name="test_register_duplicate" time="0.049" /><testcase classname="backend.tests.backend_test.TestAuth" name="test_me_requires_auth" time="0.046" /><testcase classname="backend.tests.backend_test.TestSessions" name="test_list_sessions" time="0.046" /><testcase classname="backend.tests.backend_test.TestSessions" name="test_get_session_detail" time="0.052" /><testcase classname="backend.tests.backend_test.TestSessions" name="test_get_session_404" time="0.047" /><testcase classname="backend.tests.backend_test.TestSessions" name="test_filter_category" time="0.047" /><testcase classname="backend.tests.backend_test.TestDiscover" name="test_discover" time="0.047" /><testcase classname="backend.tests.backend_test.TestUserFlows" name="test_toggle_saved_and_list" time="0.547" /><testcase classname="backend.tests.backend_test.TestUserFlows" name="test_complete_session_and_stats" time="0.147" /><testcase classname="backend.tests.backend_test.TestUserFlows" name="test_protected_endpoints_require_auth" time="0.090" /></testsuite></testsuites>