<?xml version="1.0" encoding="utf-8"?><testsuites name="pytest tests"><testsuite name="pytest" errors="0" failures="1" skipped="0" tests="27" time="6.456" timestamp="2026-05-07T18:51:10.292030+00:00" hostname="agent-env-c4319967-e442-433c-bd10-f060163e5b7e"><testcase classname="backend.tests.backend_test.TestAuth" name="test_login_seeded_user" time="0.816" /><testcase classname="backend.tests.backend_test.TestAuth" name="test_login_wrong_password" time="0.363" /><testcase classname="backend.tests.backend_test.TestAuth" name="test_register_and_me" time="0.556" /><testcase classname="backend.tests.backend_test.TestAuth" name="test_register_duplicate" time="0.078" /><testcase classname="backend.tests.backend_test.TestAuth" name="test_me_requires_auth" time="0.079" /><testcase classname="backend.tests.backend_test.TestSessions" name="test_list_sessions" time="0.070" /><testcase classname="backend.tests.backend_test.TestSessions" name="test_get_session_detail" time="0.074" /><testcase classname="backend.tests.backend_test.TestSessions" name="test_get_session_404" time="0.070" /><testcase classname="backend.tests.backend_test.TestSessions" name="test_filter_category" time="0.071" /><testcase classname="backend.tests.backend_test.TestDiscover" name="test_discover" time="0.070" /><testcase classname="backend.tests.backend_test.TestUserFlows" name="test_toggle_saved_and_list" time="0.668" /><testcase classname="backend.tests.backend_test.TestUserFlows" name="test_complete_session_and_stats" time="0.291" /><testcase classname="backend.tests.backend_test.TestUserFlows" name="test_protected_endpoints_require_auth" time="0.134" /><testcase classname="backend.tests.backend_test.TestGoogleAuth" name="test_google_invalid_session_returns_401" time="0.340" /><testcase classname="backend.tests.backend_test.TestStatsAchievements" name="test_stats_has_streak_and_achievements" time="0.081" /><testcase classname="backend.tests.backend_test.TestMood" name="test_post_and_get_mood" time="0.178" /><testcase classname="backend.tests.backend_test.TestMood" name="test_mood_requires_auth" time="0.077" /><testcase classname="backend.tests.backend_test.TestJournal" name="test_post_and_get_journal" time="0.152" /><testcase classname="backend.tests.backend_test.TestJournal" name="test_journal_text_required" time="0.068" /><testcase classname="backend.tests.backend_test.TestTheme" name="test_set_theme_light_then_dark" time="0.150" /><testcase classname="backend.tests.backend_test.TestTheme" name="test_set_theme_invalid" time="0.073" /><testcase classname="backend.tests.backend_test.TestPayments" name="test_packages_returns_premium_lifetime" time="0.093" /><testcase classname="backend.tests.backend_test.TestPayments" name="test_create_checkout_session_requires_auth" time="0.068" /><testcase classname="backend.tests.backend_test.TestPayments" name="test_create_checkout_invalid_package" time="0.088" /><testcase classname="backend.tests.backend_test.TestPayments" name="test_create_checkout_session_success_and_persists" time="1.104"><failure message="AssertionError: Internal Server Error&#10;assert 500 == 200&#10; +  where 500 = &lt;Response [500]&gt;.status_code">backend/tests/backend_test.py:286: in test_create_checkout_session_success_and_persists
    assert s.status_code == 200, s.text
E   AssertionError: Internal Server Error
E   assert 500 == 200
E    +  where 500 = &lt;Response [500]&gt;.status_code</failure></testcase><testcase classname="backend.tests.backend_test.TestPayments" name="test_status_requires_auth" time="0.067" /><testcase classname="backend.tests.backend_test.TestPayments" name="test_status_unknown_session_returns_404" time="0.078" /></testsuite></testsuites>